LED/app/build/outputs/logs/manifest-merger-debug-report.txt
-- Merging decision tree log ---
manifest
ADDED from src/main/AndroidManifest.xml:2:1-36:12
	package
		ADDED from src/main/AndroidManifest.xml:3:5-33
		INJECTED from src/main/AndroidManifest.xml
		INJECTED from src/main/AndroidManifest.xml
	android:versionName
		INJECTED from src/main/AndroidManifest.xml
		INJECTED from src/main/AndroidManifest.xml
	xmlns:android
		ADDED from src/main/AndroidManifest.xml:2:11-69
	android:versionCode
		INJECTED from src/main/AndroidManifest.xml
		INJECTED from src/main/AndroidManifest.xml
uses-permission#android.permission.BLUETOOTH_ADMIN
ADDED from src/main/AndroidManifest.xml:5:5-74
	android:name
		ADDED from src/main/AndroidManifest.xml:5:22-71
uses-permission#android.permission.BLUETOOTH
ADDED from src/main/AndroidManifest.xml:6:5-68
	android:name
		ADDED from src/main/AndroidManifest.xml:6:22-65
application
ADDED from src/main/AndroidManifest.xml:8:5-34:19
MERGED from [com.android.support:appcompat-v7:21.0.3] AndroidManifest.xml:16:5-19
MERGED from [com.android.support:support-v4:21.0.3] AndroidManifest.xml:16:5-19
	android:label
		ADDED from src/main/AndroidManifest.xml:11:9-41
	android:allowBackup
		ADDED from src/main/AndroidManifest.xml:9:9-35
	android:icon
		ADDED from src/main/AndroidManifest.xml:10:9-43
	android:theme
		ADDED from src/main/AndroidManifest.xml:12:9-40
activity#com.led_on_off.led.SplashScreen
ADDED from src/main/AndroidManifest.xml:13:9-21:20
	android:label
		ADDED from src/main/AndroidManifest.xml:15:13-45
	android:name
		ADDED from src/main/AndroidManifest.xml:14:13-59
intent-filter#android.intent.action.MAIN+android.intent.category.LAUNCHER
ADDED from src/main/AndroidManifest.xml:16:13-20:29
action#android.intent.action.MAIN
ADDED from src/main/AndroidManifest.xml:17:17-69
	android:name
		ADDED from src/main/AndroidManifest.xml:17:25-66
category#android.intent.category.LAUNCHER
ADDED from src/main/AndroidManifest.xml:19:17-77
	android:name
		ADDED from src/main/AndroidManifest.xml:19:27-74
activity#com.led_on_off.led.DeviceList
ADDED from src/main/AndroidManifest.xml:22:9-26:20
	android:label
		ADDED from src/main/AndroidManifest.xml:24:13-45
	android:name
		ADDED from src/main/AndroidManifest.xml:23:13-57
activity#com.led_on_off.led.ledControl
ADDED from src/main/AndroidManifest.xml:28:9-32:20
	android:label
		ADDED from src/main/AndroidManifest.xml:30:13-40
	android:name
		ADDED from src/main/AndroidManifest.xml:29:13-57
uses-sdk
INJECTED from src/main/AndroidManifest.xml reason: use-sdk injection requested
MERGED from [com.android.support:appcompat-v7:21.0.3] AndroidManifest.xml:15:5-42
MERGED from [com.android.support:support-v4:21.0.3] AndroidManifest.xml:15:5-42
	android:targetSdkVersion
		INJECTED from src/main/AndroidManifest.xml
		INJECTED from src/main/AndroidManifest.xml
	android:minSdkVersion
		INJECTED from src/main/AndroidManifest.xml
		INJECTED from src/main/AndroidManifest.xml